{
  "RSpec": {
    "coverage": {
      "/Users/alan/Projects/boris-bikes/spec/bike_spec.rb": [
        1,
        null,
        1,
        4,
        null,
        1,
        1,
        null,
        null,
        1,
        1,
        null,
        null,
        1,
        1,
        1,
        null,
        null
      ],
      "/Users/alan/Projects/boris-bikes/lib/bike.rb": [
        1,
        1,
        1,
        null,
        null,
        1,
        3,
        null,
        null,
        1,
        7,
        null,
        null
      ],
      "/Users/alan/Projects/boris-bikes/spec/docking_station_spec.rb": [
        1,
        null,
        1,
        11,
        5,
        null,
        2,
        null,
        1,
        1,
        1,
        1,
        31,
        2,
        null,
        null,
        1,
        1,
        21,
        2,
        null,
        null,
        null,
        2,
        null,
        1,
        1,
        1,
        null,
        null,
        1,
        1,
        1,
        1,
        1,
        1,
        null,
        null,
        1,
        1,
        1,
        1,
        null,
        null,
        1,
        1,
        2,
        null,
        null,
        1,
        1,
        1,
        1,
        1,
        2,
        null,
        null,
        null,
        1,
        2,
        null,
        1,
        1,
        null,
        null,
        1,
        1,
        21,
        2,
        null,
        null,
        null,
        1,
        1,
        1,
        1,
        1,
        1,
        1,
        null,
        null,
        1,
        1,
        1,
        1,
        1,
        1,
        1,
        null,
        null,
        null
      ],
      "/Users/alan/Projects/boris-bikes/lib/docking_station.rb": [
        1,
        null,
        1,
        1,
        null,
        1,
        null,
        1,
        16,
        16,
        null,
        null,
        1,
        4,
        3,
        2,
        null,
        null,
        1,
        84,
        81,
        null,
        null,
        1,
        4,
        4,
        4,
        null,
        null,
        1,
        null,
        1,
        84,
        null,
        null,
        1,
        4,
        null,
        null,
        1,
        4,
        null,
        null
      ],
      "/Users/alan/Projects/boris-bikes/spec/feature_spec.rb": [
        1,
        1,
        1,
        null,
        1,
        1,
        1,
        1,
        1,
        1,
        1,
        1,
        1,
        null,
        null,
        1,
        1,
        1,
        1,
        1,
        1,
        1,
        1,
        1,
        1,
        null,
        null
      ],
      "/Users/alan/Projects/boris-bikes/lib/van.rb": [
        1,
        null,
        1,
        1,
        null,
        1,
        3,
        null,
        null
      ],
      "/Users/alan/Projects/boris-bikes/lib/garage.rb": [
        1,
        1,
        null,
        1,
        2,
        2,
        null,
        null
      ],
      "/Users/alan/Projects/boris-bikes/spec/garage_spec.rb": [
        1,
        null,
        1,
        2,
        2,
        2,
        null,
        1,
        1,
        1,
        1,
        1,
        null,
        null
      ],
      "/Users/alan/Projects/boris-bikes/spec/van_spec.rb": [
        1,
        null,
        1,
        2,
        null,
        2,
        2,
        null,
        1,
        1,
        1,
        1,
        1,
        null,
        null
      ]
    },
    "timestamp": 1452544712
  }
}
